Flow report for ProcessadorProgramavel
Tue Jul 03 10:34:23 2018
Quartus II 64-Bit Version 13.0.0 Build 156 04/24/2013 SJ Web Edition


---------------------
; Table of Contents ;
---------------------
  1. Legal Notice
  2. Flow Summary
  3. Flow Settings
  4. Flow Non-Default Global Settings
  5. Flow Elapsed Time
  6. Flow OS Summary
  7. Flow Log
  8. Flow Messages
  9. Flow Suppressed Messages



----------------
; Legal Notice ;
----------------
Copyright (C) 1991-2013 Altera Corporation
Your use of Altera Corporation's design tools, logic functions 
and other software and tools, and its AMPP partner logic 
functions, and any output files from any of the foregoing 
(including device programming or simulation files), and any 
associated documentation or information are expressly subject 
to the terms and conditions of the Altera Program License 
Subscription Agreement, Altera MegaCore Function License 
Agreement, or other applicable license agreement, including, 
without limitation, that your use is for the sole purpose of 
programming logic devices manufactured by Altera and sold by 
Altera or its authorized distributors.  Please refer to the 
applicable agreement for further details.



+---------------------------------------------------------------------------------+
; Flow Summary                                                                    ;
+------------------------------------+--------------------------------------------+
; Flow Status                        ; Successful - Tue Jul 03 10:34:23 2018      ;
; Quartus II 64-Bit Version          ; 13.0.0 Build 156 04/24/2013 SJ Web Edition ;
; Revision Name                      ; ProcessadorProgramavel                     ;
; Top-level Entity Name              ; cpu                                        ;
; Family                             ; Cyclone II                                 ;
; Device                             ; EP2C35F672C6                               ;
; Timing Models                      ; Final                                      ;
; Total logic elements               ; 185 / 33,216 ( < 1 % )                     ;
;     Total combinational functions  ; 147 / 33,216 ( < 1 % )                     ;
;     Dedicated logic registers      ; 117 / 33,216 ( < 1 % )                     ;
; Total registers                    ; 117                                        ;
; Total pins                         ; 49 / 475 ( 10 % )                          ;
; Total virtual pins                 ; 0                                          ;
; Total memory bits                  ; 0 / 483,840 ( 0 % )                        ;
; Embedded Multiplier 9-bit elements ; 0 / 70 ( 0 % )                             ;
; Total PLLs                         ; 0 / 4 ( 0 % )                              ;
+------------------------------------+--------------------------------------------+


+--------------------------------------------+
; Flow Settings                              ;
+-------------------+------------------------+
; Option            ; Setting                ;
+-------------------+------------------------+
; Start date & time ; 07/03/2018 10:34:02    ;
; Main task         ; Compilation            ;
; Revision Name     ; ProcessadorProgramavel ;
+-------------------+------------------------+


+------------------------------------------------------------------------------------------------------------------------------+
; Flow Non-Default Global Settings                                                                                             ;
+-------------------------------------+--------------------------------+------------------------+-------------+----------------+
; Assignment Name                     ; Value                          ; Default Value          ; Entity Name ; Section Id     ;
+-------------------------------------+--------------------------------+------------------------+-------------+----------------+
; COMPILER_SIGNATURE_ID               ; 48549633040080.153062484201964 ; --                     ; --          ; --             ;
; EDA_GENERATE_FUNCTIONAL_NETLIST     ; On                             ; --                     ; --          ; eda_simulation ;
; EDA_OUTPUT_DATA_FORMAT              ; Verilog Hdl                    ; --                     ; --          ; eda_simulation ;
; EDA_SIMULATION_TOOL                 ; ModelSim-Altera (Verilog)      ; <None>                 ; --          ; --             ;
; MAX_CORE_JUNCTION_TEMP              ; 85                             ; --                     ; --          ; --             ;
; MIN_CORE_JUNCTION_TEMP              ; 0                              ; --                     ; --          ; --             ;
; PARTITION_COLOR                     ; 16764057                       ; --                     ; cpu         ; Top            ;
; PARTITION_FITTER_PRESERVATION_LEVEL ; PLACEMENT_AND_ROUTING          ; --                     ; cpu         ; Top            ;
; PARTITION_NETLIST_TYPE              ; SOURCE                         ; --                     ; cpu         ; Top            ;
; PROJECT_OUTPUT_DIRECTORY            ; output_files                   ; --                     ; --          ; --             ;
; TOP_LEVEL_ENTITY                    ; cpu                            ; ProcessadorProgramavel ; --          ; --             ;
+-------------------------------------+--------------------------------+------------------------+-------------+----------------+


+-------------------------------------------------------------------------------------------------------------------------------+
; Flow Elapsed Time                                                                                                             ;
+---------------------------+--------------+-------------------------+---------------------+------------------------------------+
; Module Name               ; Elapsed Time ; Average Processors Used ; Peak Virtual Memory ; Total CPU Time (on all processors) ;
+---------------------------+--------------+-------------------------+---------------------+------------------------------------+
; Analysis & Synthesis      ; 00:00:03     ; 1.0                     ; 480 MB              ; 00:00:02                           ;
; Fitter                    ; 00:00:11     ; 1.0                     ; 668 MB              ; 00:00:11                           ;
; Assembler                 ; 00:00:02     ; 1.0                     ; 424 MB              ; 00:00:03                           ;
; TimeQuest Timing Analyzer ; 00:00:01     ; 1.0                     ; 394 MB              ; 00:00:01                           ;
; EDA Netlist Writer        ; 00:00:01     ; 1.0                     ; 373 MB              ; 00:00:01                           ;
; Total                     ; 00:00:18     ; --                      ; --                  ; 00:00:18                           ;
+---------------------------+--------------+-------------------------+---------------------+------------------------------------+


+----------------------------------------------------------------------------------------+
; Flow OS Summary                                                                        ;
+---------------------------+------------------+-----------+------------+----------------+
; Module Name               ; Machine Hostname ; OS Name   ; OS Version ; Processor type ;
+---------------------------+------------------+-----------+------------+----------------+
; Analysis & Synthesis      ; LHR03            ; Windows 7 ; 6.1        ; x86_64         ;
; Fitter                    ; LHR03            ; Windows 7 ; 6.1        ; x86_64         ;
; Assembler                 ; LHR03            ; Windows 7 ; 6.1        ; x86_64         ;
; TimeQuest Timing Analyzer ; LHR03            ; Windows 7 ; 6.1        ; x86_64         ;
; EDA Netlist Writer        ; LHR03            ; Windows 7 ; 6.1        ; x86_64         ;
+---------------------------+------------------+-----------+------------+----------------+


------------
; Flow Log ;
------------
quartus_map --read_settings_files=on --write_settings_files=off ProcessadorProgramavel -c ProcessadorProgramavel
quartus_fit --read_settings_files=off --write_settings_files=off ProcessadorProgramavel -c ProcessadorProgramavel
quartus_asm --read_settings_files=off --write_settings_files=off ProcessadorProgramavel -c ProcessadorProgramavel
quartus_sta ProcessadorProgramavel -c ProcessadorProgramavel
quartus_eda --read_settings_files=off --write_settings_files=off ProcessadorProgramavel -c ProcessadorProgramavel



