Analysis & Synthesis report for ProcessadorProgramavel
Tue Jul 03 10:34:04 2018
Quartus II 64-Bit Version 13.0.0 Build 156 04/24/2013 SJ Web Edition


---------------------
; Table of Contents ;
---------------------
  1. Legal Notice
  2. Analysis & Synthesis Summary
  3. Analysis & Synthesis Settings
  4. Parallel Compilation
  5. Analysis & Synthesis Source Files Read
  6. Analysis & Synthesis Resource Usage Summary
  7. Analysis & Synthesis Resource Utilization by Entity
  8. State Machine - |cpu|ctrl:controller|state
  9. User-Specified and Inferred Latches
 10. Registers Removed During Synthesis
 11. Removed Registers Triggering Further Register Optimizations
 12. General Register Statistics
 13. Inverted Register Statistics
 14. Multiplexer Restructuring Statistics (Restructuring Performed)
 15. Elapsed Time Per Partition
 16. Analysis & Synthesis Messages



----------------
; Legal Notice ;
----------------
Copyright (C) 1991-2013 Altera Corporation
Your use of Altera Corporation's design tools, logic functions 
and other software and tools, and its AMPP partner logic 
functions, and any output files from any of the foregoing 
(including device programming or simulation files), and any 
associated documentation or information are expressly subject 
to the terms and conditions of the Altera Program License 
Subscription Agreement, Altera MegaCore Function License 
Agreement, or other applicable license agreement, including, 
without limitation, that your use is for the sole purpose of 
programming logic devices manufactured by Altera and sold by 
Altera or its authorized distributors.  Please refer to the 
applicable agreement for further details.



+---------------------------------------------------------------------------------+
; Analysis & Synthesis Summary                                                    ;
+------------------------------------+--------------------------------------------+
; Analysis & Synthesis Status        ; Successful - Tue Jul 03 10:34:04 2018      ;
; Quartus II 64-Bit Version          ; 13.0.0 Build 156 04/24/2013 SJ Web Edition ;
; Revision Name                      ; ProcessadorProgramavel                     ;
; Top-level Entity Name              ; cpu                                        ;
; Family                             ; Cyclone II                                 ;
; Total logic elements               ; 198                                        ;
;     Total combinational functions  ; 147                                        ;
;     Dedicated logic registers      ; 117                                        ;
; Total registers                    ; 117                                        ;
; Total pins                         ; 49                                         ;
; Total virtual pins                 ; 0                                          ;
; Total memory bits                  ; 0                                          ;
; Embedded Multiplier 9-bit elements ; 0                                          ;
; Total PLLs                         ; 0                                          ;
+------------------------------------+--------------------------------------------+


+--------------------------------------------------------------------------------------------------------------------------+
; Analysis & Synthesis Settings                                                                                            ;
+----------------------------------------------------------------------------+--------------------+------------------------+
; Option                                                                     ; Setting            ; Default Value          ;
+----------------------------------------------------------------------------+--------------------+------------------------+
; Device                                                                     ; EP2C35F672C6       ;                        ;
; Top-level entity name                                                      ; cpu                ; ProcessadorProgramavel ;
; Family name                                                                ; Cyclone II         ; Cyclone IV GX          ;
; Use smart compilation                                                      ; Off                ; Off                    ;
; Enable parallel Assembler and TimeQuest Timing Analyzer during compilation ; On                 ; On                     ;
; Enable compact report table                                                ; Off                ; Off                    ;
; Restructure Multiplexers                                                   ; Auto               ; Auto                   ;
; Create Debugging Nodes for IP Cores                                        ; Off                ; Off                    ;
; Preserve fewer node names                                                  ; On                 ; On                     ;
; Disable OpenCore Plus hardware evaluation                                  ; Off                ; Off                    ;
; Verilog Version                                                            ; Verilog_2001       ; Verilog_2001           ;
; VHDL Version                                                               ; VHDL_1993          ; VHDL_1993              ;
; State Machine Processing                                                   ; Auto               ; Auto                   ;
; Safe State Machine                                                         ; Off                ; Off                    ;
; Extract Verilog State Machines                                             ; On                 ; On                     ;
; Extract VHDL State Machines                                                ; On                 ; On                     ;
; Ignore Verilog initial constructs                                          ; Off                ; Off                    ;
; Iteration limit for constant Verilog loops                                 ; 5000               ; 5000                   ;
; Iteration limit for non-constant Verilog loops                             ; 250                ; 250                    ;
; Add Pass-Through Logic to Inferred RAMs                                    ; On                 ; On                     ;
; Infer RAMs from Raw Logic                                                  ; On                 ; On                     ;
; Parallel Synthesis                                                         ; On                 ; On                     ;
; DSP Block Balancing                                                        ; Auto               ; Auto                   ;
; NOT Gate Push-Back                                                         ; On                 ; On                     ;
; Power-Up Don't Care                                                        ; On                 ; On                     ;
; Remove Redundant Logic Cells                                               ; Off                ; Off                    ;
; Remove Duplicate Registers                                                 ; On                 ; On                     ;
; Ignore CARRY Buffers                                                       ; Off                ; Off                    ;
; Ignore CASCADE Buffers                                                     ; Off                ; Off                    ;
; Ignore GLOBAL Buffers                                                      ; Off                ; Off                    ;
; Ignore ROW GLOBAL Buffers                                                  ; Off                ; Off                    ;
; Ignore LCELL Buffers                                                       ; Off                ; Off                    ;
; Ignore SOFT Buffers                                                        ; On                 ; On                     ;
; Limit AHDL Integers to 32 Bits                                             ; Off                ; Off                    ;
; Optimization Technique                                                     ; Balanced           ; Balanced               ;
; Carry Chain Length                                                         ; 70                 ; 70                     ;
; Auto Carry Chains                                                          ; On                 ; On                     ;
; Auto Open-Drain Pins                                                       ; On                 ; On                     ;
; Perform WYSIWYG Primitive Resynthesis                                      ; Off                ; Off                    ;
; Auto ROM Replacement                                                       ; On                 ; On                     ;
; Auto RAM Replacement                                                       ; On                 ; On                     ;
; Auto Shift Register Replacement                                            ; Auto               ; Auto                   ;
; Allow Shift Register Merging across Hierarchies                            ; Auto               ; Auto                   ;
; Auto Clock Enable Replacement                                              ; On                 ; On                     ;
; Strict RAM Replacement                                                     ; Off                ; Off                    ;
; Allow Synchronous Control Signals                                          ; On                 ; On                     ;
; Force Use of Synchronous Clear Signals                                     ; Off                ; Off                    ;
; Auto RAM to Logic Cell Conversion                                          ; Off                ; Off                    ;
; Auto Resource Sharing                                                      ; Off                ; Off                    ;
; Allow Any RAM Size For Recognition                                         ; Off                ; Off                    ;
; Allow Any ROM Size For Recognition                                         ; Off                ; Off                    ;
; Allow Any Shift Register Size For Recognition                              ; Off                ; Off                    ;
; Use LogicLock Constraints during Resource Balancing                        ; On                 ; On                     ;
; Ignore translate_off and synthesis_off directives                          ; Off                ; Off                    ;
; Timing-Driven Synthesis                                                    ; Off                ; Off                    ;
; Report Parameter Settings                                                  ; On                 ; On                     ;
; Report Source Assignments                                                  ; On                 ; On                     ;
; Report Connectivity Checks                                                 ; On                 ; On                     ;
; Ignore Maximum Fan-Out Assignments                                         ; Off                ; Off                    ;
; Synchronization Register Chain Length                                      ; 2                  ; 2                      ;
; PowerPlay Power Optimization                                               ; Normal compilation ; Normal compilation     ;
; HDL message level                                                          ; Level2             ; Level2                 ;
; Suppress Register Optimization Related Messages                            ; Off                ; Off                    ;
; Number of Removed Registers Reported in Synthesis Report                   ; 5000               ; 5000                   ;
; Number of Swept Nodes Reported in Synthesis Report                         ; 5000               ; 5000                   ;
; Number of Inverted Registers Reported in Synthesis Report                  ; 100                ; 100                    ;
; Clock MUX Protection                                                       ; On                 ; On                     ;
; Auto Gated Clock Conversion                                                ; Off                ; Off                    ;
; Block Design Naming                                                        ; Auto               ; Auto                   ;
; SDC constraint protection                                                  ; Off                ; Off                    ;
; Synthesis Effort                                                           ; Auto               ; Auto                   ;
; Shift Register Replacement - Allow Asynchronous Clear Signal               ; On                 ; On                     ;
; Pre-Mapping Resynthesis Optimization                                       ; Off                ; Off                    ;
; Analysis & Synthesis Message Level                                         ; Medium             ; Medium                 ;
; Disable Register Merging Across Hierarchies                                ; Auto               ; Auto                   ;
; Resource Aware Inference For Block RAM                                     ; On                 ; On                     ;
; Synthesis Seed                                                             ; 1                  ; 1                      ;
+----------------------------------------------------------------------------+--------------------+------------------------+


Parallel compilation was disabled, but you have multiple processors available. Enable parallel compilation to reduce compilation time.
+-------------------------------------+
; Parallel Compilation                ;
+----------------------------+--------+
; Processors                 ; Number ;
+----------------------------+--------+
; Number detected on machine ; 4      ;
; Maximum allowed            ; 1      ;
+----------------------------+--------+


+------------------------------------------------------------------------------------------------------------------------------------------------+
; Analysis & Synthesis Source Files Read                                                                                                         ;
+----------------------------------+-----------------+-----------------+---------------------------------------------------------------+---------+
; File Name with User-Entered Path ; Used in Netlist ; File Type       ; File Name with Absolute Path                                  ; Library ;
+----------------------------------+-----------------+-----------------+---------------------------------------------------------------+---------+
; dp.vhdl                          ; yes             ; User VHDL File  ; C:/Users/Aluno/Desktop/ProcessadorProgramavel/dp.vhdl         ;         ;
; DivisorFreq.vhd                  ; yes             ; User VHDL File  ; C:/Users/Aluno/Desktop/ProcessadorProgramavel/DivisorFreq.vhd ;         ;
; ctrl.vhdl                        ; yes             ; User VHDL File  ; C:/Users/Aluno/Desktop/ProcessadorProgramavel/ctrl.vhdl       ;         ;
; cpu.vhdl                         ; yes             ; User VHDL File  ; C:/Users/Aluno/Desktop/ProcessadorProgramavel/cpu.vhdl        ;         ;
+----------------------------------+-----------------+-----------------+---------------------------------------------------------------+---------+


+--------------------------------------------------------------------------+
; Analysis & Synthesis Resource Usage Summary                              ;
+---------------------------------------------+----------------------------+
; Resource                                    ; Usage                      ;
+---------------------------------------------+----------------------------+
; Estimated Total logic elements              ; 198                        ;
;                                             ;                            ;
; Total combinational functions               ; 147                        ;
; Logic element usage by number of LUT inputs ;                            ;
;     -- 4 input functions                    ; 81                         ;
;     -- 3 input functions                    ; 21                         ;
;     -- <=2 input functions                  ; 45                         ;
;                                             ;                            ;
; Logic elements by mode                      ;                            ;
;     -- normal mode                          ; 117                        ;
;     -- arithmetic mode                      ; 30                         ;
;                                             ;                            ;
; Total registers                             ; 117                        ;
;     -- Dedicated logic registers            ; 117                        ;
;     -- I/O registers                        ; 0                          ;
;                                             ;                            ;
; I/O pins                                    ; 49                         ;
; Embedded Multiplier 9-bit elements          ; 0                          ;
; Maximum fan-out node                        ; DivisorFreq:Divfreq|estado ;
; Maximum fan-out                             ; 93                         ;
; Total fan-out                               ; 815                        ;
; Average fan-out                             ; 2.60                       ;
+---------------------------------------------+----------------------------+


+-----------------------------------------------------------------------------------------------------------------------------------------------------------------------------------+
; Analysis & Synthesis Resource Utilization by Entity                                                                                                                               ;
+----------------------------+-------------------+--------------+-------------+--------------+---------+-----------+------+--------------+---------------------------+--------------+
; Compilation Hierarchy Node ; LC Combinationals ; LC Registers ; Memory Bits ; DSP Elements ; DSP 9x9 ; DSP 18x18 ; Pins ; Virtual Pins ; Full Hierarchy Name       ; Library Name ;
+----------------------------+-------------------+--------------+-------------+--------------+---------+-----------+------+--------------+---------------------------+--------------+
; |cpu                       ; 147 (8)           ; 117 (31)     ; 0           ; 0            ; 0       ; 0         ; 49   ; 0            ; |cpu                      ;              ;
;    |DivisorFreq:Divfreq|   ; 45 (45)           ; 25 (25)      ; 0           ; 0            ; 0       ; 0         ; 0    ; 0            ; |cpu|DivisorFreq:Divfreq  ;              ;
;    |ctrl:controller|       ; 41 (41)           ; 33 (33)      ; 0           ; 0            ; 0       ; 0         ; 0    ; 0            ; |cpu|ctrl:controller      ;              ;
;    |dp:datapath|           ; 53 (0)            ; 28 (0)       ; 0           ; 0            ; 0       ; 0         ; 0    ; 0            ; |cpu|dp:datapath          ;              ;
;       |acc:ACU|            ; 6 (6)             ; 8 (8)        ; 0           ; 0            ; 0       ; 0         ; 0    ; 0            ; |cpu|dp:datapath|acc:ACU  ;              ;
;       |alu:alu1|           ; 33 (33)           ; 0 (0)        ; 0           ; 0            ; 0       ; 0         ; 0    ; 0            ; |cpu|dp:datapath|alu:alu1 ;              ;
;       |rf:BR|              ; 14 (14)           ; 20 (20)      ; 0           ; 0            ; 0       ; 0         ; 0    ; 0            ; |cpu|dp:datapath|rf:BR    ;              ;
+----------------------------+-------------------+--------------+-------------+--------------+---------+-----------+------+--------------+---------------------------+--------------+
Note: For table entries with two numbers listed, the numbers in parentheses indicate the number of resources of the given type used by the specific entity alone. The numbers listed outside of parentheses indicate the total resources of the given type used by the specific entity and all of its sub-entities in the hierarchy.


Encoding Type:  One-Hot
+------------------------------------------------------------------------------------------------------+
; State Machine - |cpu|ctrl:controller|state                                                           ;
+------------+------------+----------+----------+----------+----------+----------+----------+----------+
; Name       ; state.done ; state.s6 ; state.s5 ; state.s4 ; state.s3 ; state.s2 ; state.s1 ; state.s0 ;
+------------+------------+----------+----------+----------+----------+----------+----------+----------+
; state.s0   ; 0          ; 0        ; 0        ; 0        ; 0        ; 0        ; 0        ; 0        ;
; state.s1   ; 0          ; 0        ; 0        ; 0        ; 0        ; 0        ; 1        ; 1        ;
; state.s2   ; 0          ; 0        ; 0        ; 0        ; 0        ; 1        ; 0        ; 1        ;
; state.s3   ; 0          ; 0        ; 0        ; 0        ; 1        ; 0        ; 0        ; 1        ;
; state.s4   ; 0          ; 0        ; 0        ; 1        ; 0        ; 0        ; 0        ; 1        ;
; state.s5   ; 0          ; 0        ; 1        ; 0        ; 0        ; 0        ; 0        ; 1        ;
; state.s6   ; 0          ; 1        ; 0        ; 0        ; 0        ; 0        ; 0        ; 1        ;
; state.done ; 1          ; 0        ; 0        ; 0        ; 0        ; 0        ; 0        ; 1        ;
+------------+------------+----------+----------+----------+----------+----------+----------+----------+


+---------------------------------------------------------------------------------------------------------+
; User-Specified and Inferred Latches                                                                     ;
+----------------------------------------------------+---------------------------+------------------------+
; Latch Name                                         ; Latch Enable Signal       ; Free of Timing Hazards ;
+----------------------------------------------------+---------------------------+------------------------+
; dp:datapath|alu:alu1|output[0]                     ; dp:datapath|alu:alu1|Mux8 ; yes                    ;
; dp:datapath|alu:alu1|output[1]                     ; dp:datapath|alu:alu1|Mux8 ; yes                    ;
; dp:datapath|alu:alu1|output[2]                     ; dp:datapath|alu:alu1|Mux8 ; yes                    ;
; dp:datapath|alu:alu1|output[3]                     ; dp:datapath|alu:alu1|Mux8 ; yes                    ;
; Number of user-specified and inferred latches = 4  ;                           ;                        ;
+----------------------------------------------------+---------------------------+------------------------+
Note: All latches listed above may not be present at the end of synthesis due to various synthesis optimizations.


+---------------------------------------------------------------------------------+
; Registers Removed During Synthesis                                              ;
+----------------------------------------+----------------------------------------+
; Register name                          ; Reason for Removal                     ;
+----------------------------------------+----------------------------------------+
; op3[0]~reg0                            ; Stuck at VCC due to stuck port data_in ;
; op3[4]~reg0                            ; Stuck at GND due to stuck port data_in ;
; op3[5]~reg0                            ; Stuck at GND due to stuck port data_in ;
; op2[0]~reg0                            ; Stuck at VCC due to stuck port data_in ;
; op2[4]~reg0                            ; Stuck at GND due to stuck port data_in ;
; op2[5]~reg0                            ; Stuck at GND due to stuck port data_in ;
; op1[0]~reg0                            ; Stuck at VCC due to stuck port data_in ;
; op1[4]~reg0                            ; Stuck at GND due to stuck port data_in ;
; op1[5]~reg0                            ; Stuck at GND due to stuck port data_in ;
; op0[0]~reg0                            ; Stuck at VCC due to stuck port data_in ;
; op0[4]~reg0                            ; Stuck at GND due to stuck port data_in ;
; op0[5]~reg0                            ; Stuck at GND due to stuck port data_in ;
; led2[0]~reg0                           ; Stuck at VCC due to stuck port data_in ;
; led2[4]~reg0                           ; Stuck at GND due to stuck port data_in ;
; led2[5]~reg0                           ; Stuck at GND due to stuck port data_in ;
; ctrl:controller|atv[3]                 ; Stuck at GND due to stuck port data_in ;
; ctrl:controller|PC[4..31]              ; Lost fanout                            ;
; Total Number of Removed Registers = 44 ;                                        ;
+----------------------------------------+----------------------------------------+


+-----------------------------------------------------------------------------------------------------------------------+
; Removed Registers Triggering Further Register Optimizations                                                           ;
+------------------------+--------------------+-------------------------------------------------------------------------+
; Register name          ; Reason for Removal ; Registers Removed due to This Register                                  ;
+------------------------+--------------------+-------------------------------------------------------------------------+
; ctrl:controller|PC[31] ; Lost Fanouts       ; ctrl:controller|PC[30], ctrl:controller|PC[29], ctrl:controller|PC[28], ;
;                        ;                    ; ctrl:controller|PC[27], ctrl:controller|PC[26], ctrl:controller|PC[25], ;
;                        ;                    ; ctrl:controller|PC[24], ctrl:controller|PC[23], ctrl:controller|PC[22], ;
;                        ;                    ; ctrl:controller|PC[21], ctrl:controller|PC[20], ctrl:controller|PC[19], ;
;                        ;                    ; ctrl:controller|PC[18], ctrl:controller|PC[17], ctrl:controller|PC[16], ;
;                        ;                    ; ctrl:controller|PC[15], ctrl:controller|PC[14], ctrl:controller|PC[13], ;
;                        ;                    ; ctrl:controller|PC[12], ctrl:controller|PC[11], ctrl:controller|PC[10], ;
;                        ;                    ; ctrl:controller|PC[9], ctrl:controller|PC[8], ctrl:controller|PC[7],    ;
;                        ;                    ; ctrl:controller|PC[6], ctrl:controller|PC[5], ctrl:controller|PC[4]     ;
+------------------------+--------------------+-------------------------------------------------------------------------+


+------------------------------------------------------+
; General Register Statistics                          ;
+----------------------------------------------+-------+
; Statistic                                    ; Value ;
+----------------------------------------------+-------+
; Total registers                              ; 117   ;
; Number of registers using Synchronous Clear  ; 1     ;
; Number of registers using Synchronous Load   ; 3     ;
; Number of registers using Asynchronous Clear ; 20    ;
; Number of registers using Asynchronous Load  ; 0     ;
; Number of registers using Clock Enable       ; 49    ;
; Number of registers using Preset             ; 0     ;
+----------------------------------------------+-------+


+--------------------------------------------------+
; Inverted Register Statistics                     ;
+----------------------------------------+---------+
; Inverted Register                      ; Fan out ;
+----------------------------------------+---------+
; DivisorFreq:Divfreq|contagem[0]        ; 2       ;
; ctrl:controller|PC[0]                  ; 9       ;
; Total number of inverted registers = 2 ;         ;
+----------------------------------------+---------+


+------------------------------------------------------------------------------------------------------------------------------------------------+
; Multiplexer Restructuring Statistics (Restructuring Performed)                                                                                 ;
+--------------------+-----------+---------------+----------------------+------------------------+------------+----------------------------------+
; Multiplexer Inputs ; Bus Width ; Baseline Area ; Area if Restructured ; Saving if Restructured ; Registered ; Example Multiplexer Output       ;
+--------------------+-----------+---------------+----------------------+------------------------+------------+----------------------------------+
; 4:1                ; 4 bits    ; 8 LEs         ; 0 LEs                ; 8 LEs                  ; Yes        ; |cpu|dp:datapath|rf:BR|out1[2]   ;
; 4:1                ; 4 bits    ; 8 LEs         ; 0 LEs                ; 8 LEs                  ; Yes        ; |cpu|dp:datapath|rf:BR|out2[2]   ;
; 4:1                ; 4 bits    ; 8 LEs         ; 0 LEs                ; 8 LEs                  ; Yes        ; |cpu|dp:datapath|rf:BR|out3[0]   ;
; 4:1                ; 4 bits    ; 8 LEs         ; 0 LEs                ; 8 LEs                  ; Yes        ; |cpu|dp:datapath|rf:BR|out0[3]   ;
; 16:1               ; 2 bits    ; 20 LEs        ; 8 LEs                ; 12 LEs                 ; Yes        ; |cpu|ctrl:controller|enb_br      ;
; 6:1                ; 4 bits    ; 16 LEs        ; 8 LEs                ; 8 LEs                  ; Yes        ; |cpu|dp:datapath|rf:BR|output[2] ;
; 5:1                ; 27 bits   ; 81 LEs        ; 27 LEs               ; 54 LEs                 ; Yes        ; |cpu|ctrl:controller|PC[19]      ;
; 5:1                ; 3 bits    ; 9 LEs         ; 6 LEs                ; 3 LEs                  ; Yes        ; |cpu|ctrl:controller|PC[2]       ;
; 16:1               ; 4 bits    ; 40 LEs        ; 4 LEs                ; 36 LEs                 ; No         ; |cpu|ctrl:controller|Mux8        ;
; 12:1               ; 4 bits    ; 32 LEs        ; 16 LEs               ; 16 LEs                 ; No         ; |cpu|dp:datapath|alu:alu1|Mux5   ;
+--------------------+-----------+---------------+----------------------+------------------------+------------+----------------------------------+


+-------------------------------+
; Elapsed Time Per Partition    ;
+----------------+--------------+
; Partition Name ; Elapsed Time ;
+----------------+--------------+
; Top            ; 00:00:00     ;
+----------------+--------------+


+-------------------------------+
; Analysis & Synthesis Messages ;
+-------------------------------+
Info: *******************************************************************
Info: Running Quartus II 64-Bit Analysis & Synthesis
    Info: Version 13.0.0 Build 156 04/24/2013 SJ Web Edition
    Info: Processing started: Tue Jul 03 10:34:01 2018
Info: Command: quartus_map --read_settings_files=on --write_settings_files=off ProcessadorProgramavel -c ProcessadorProgramavel
Warning (20028): Parallel compilation is not licensed and has been disabled
Info (12021): Found 8 design units, including 4 entities, in source file dp.vhdl
    Info (12022): Found design unit 1: alu-bhv
    Info (12022): Found design unit 2: acc-bhv
    Info (12022): Found design unit 3: rf-bhv
    Info (12022): Found design unit 4: dp-rtl2
    Info (12023): Found entity 1: alu
    Info (12023): Found entity 2: acc
    Info (12023): Found entity 3: rf
    Info (12023): Found entity 4: dp
Info (12021): Found 2 design units, including 1 entities, in source file divisorfreq.vhd
    Info (12022): Found design unit 1: DivisorFreq-DivisorFreq
    Info (12023): Found entity 1: DivisorFreq
Info (12021): Found 2 design units, including 1 entities, in source file ctrl.vhdl
    Info (12022): Found design unit 1: ctrl-fsm
    Info (12023): Found entity 1: ctrl
Info (12021): Found 2 design units, including 1 entities, in source file cpu.vhdl
    Info (12022): Found design unit 1: cpu-struc
    Info (12023): Found entity 1: cpu
Info (12127): Elaborating entity "cpu" for the top level hierarchy
Info (12128): Elaborating entity "DivisorFreq" for hierarchy "DivisorFreq:Divfreq"
Info (12128): Elaborating entity "ctrl" for hierarchy "ctrl:controller"
Info (12128): Elaborating entity "dp" for hierarchy "dp:datapath"
Warning (10492): VHDL Process Statement warning at dp.vhdl(248): signal "acc_out" is read inside the Process Statement but isn't in the Process Statement's sensitivity list
Info (12128): Elaborating entity "rf" for hierarchy "dp:datapath|rf:BR"
Info (12128): Elaborating entity "alu" for hierarchy "dp:datapath|alu:alu1"
Warning (10492): VHDL Process Statement warning at dp.vhdl(28): signal "atv" is read inside the Process Statement but isn't in the Process Statement's sensitivity list
Warning (10492): VHDL Process Statement warning at dp.vhdl(31): signal "op" is read inside the Process Statement but isn't in the Process Statement's sensitivity list
Warning (10492): VHDL Process Statement warning at dp.vhdl(33): signal "acc" is read inside the Process Statement but isn't in the Process Statement's sensitivity list
Warning (10492): VHDL Process Statement warning at dp.vhdl(33): signal "input" is read inside the Process Statement but isn't in the Process Statement's sensitivity list
Warning (10492): VHDL Process Statement warning at dp.vhdl(36): signal "acc" is read inside the Process Statement but isn't in the Process Statement's sensitivity list
Warning (10492): VHDL Process Statement warning at dp.vhdl(36): signal "input" is read inside the Process Statement but isn't in the Process Statement's sensitivity list
Warning (10492): VHDL Process Statement warning at dp.vhdl(39): signal "acc" is read inside the Process Statement but isn't in the Process Statement's sensitivity list
Warning (10492): VHDL Process Statement warning at dp.vhdl(39): signal "input" is read inside the Process Statement but isn't in the Process Statement's sensitivity list
Warning (10492): VHDL Process Statement warning at dp.vhdl(42): signal "acc" is read inside the Process Statement but isn't in the Process Statement's sensitivity list
Warning (10492): VHDL Process Statement warning at dp.vhdl(42): signal "input" is read inside the Process Statement but isn't in the Process Statement's sensitivity list
Warning (10492): VHDL Process Statement warning at dp.vhdl(45): signal "acc" is read inside the Process Statement but isn't in the Process Statement's sensitivity list
Warning (10492): VHDL Process Statement warning at dp.vhdl(48): signal "imm" is read inside the Process Statement but isn't in the Process Statement's sensitivity list
Warning (10492): VHDL Process Statement warning at dp.vhdl(51): signal "input" is read inside the Process Statement but isn't in the Process Statement's sensitivity list
Warning (10631): VHDL Process Statement warning at dp.vhdl(23): inferring latch(es) for signal or variable "output", which holds its previous value in one or more paths through the process
Info (10041): Inferred latch for "output[0]" at dp.vhdl(23)
Info (10041): Inferred latch for "output[1]" at dp.vhdl(23)
Info (10041): Inferred latch for "output[2]" at dp.vhdl(23)
Info (10041): Inferred latch for "output[3]" at dp.vhdl(23)
Info (12128): Elaborating entity "acc" for hierarchy "dp:datapath|acc:ACU"
Warning (13024): Output pins are stuck at VCC or GND
    Warning (13410): Pin "led2[0]" is stuck at VCC
    Warning (13410): Pin "led2[4]" is stuck at GND
    Warning (13410): Pin "led2[5]" is stuck at GND
    Warning (13410): Pin "op0[0]" is stuck at VCC
    Warning (13410): Pin "op0[4]" is stuck at GND
    Warning (13410): Pin "op0[5]" is stuck at GND
    Warning (13410): Pin "op1[0]" is stuck at VCC
    Warning (13410): Pin "op1[4]" is stuck at GND
    Warning (13410): Pin "op1[5]" is stuck at GND
    Warning (13410): Pin "op2[0]" is stuck at VCC
    Warning (13410): Pin "op2[4]" is stuck at GND
    Warning (13410): Pin "op2[5]" is stuck at GND
    Warning (13410): Pin "op3[0]" is stuck at VCC
    Warning (13410): Pin "op3[4]" is stuck at GND
    Warning (13410): Pin "op3[5]" is stuck at GND
Info (17049): 28 registers lost all their fanouts during netlist optimizations.
Info (16010): Generating hard_block partition "hard_block:auto_generated_inst"
    Info (16011): Adding 0 node(s), including 0 DDIO, 0 PLL, 0 transceiver and 0 LCELL
Info (21057): Implemented 253 device resources after synthesis - the final resource count might be different
    Info (21058): Implemented 3 input pins
    Info (21059): Implemented 46 output pins
    Info (21061): Implemented 204 logic cells
Info: Quartus II 64-Bit Analysis & Synthesis was successful. 0 errors, 32 warnings
    Info: Peak virtual memory: 480 megabytes
    Info: Processing ended: Tue Jul 03 10:34:04 2018
    Info: Elapsed time: 00:00:03
    Info: Total CPU time (on all processors): 00:00:03


